<?xml version="1.0" encoding="UTF-8"?>
<testng-results ignored="0" total="0" passed="0" failed="0" skipped="0">
  <reporter-output>
  </reporter-output>
  <suite started-at="2022-07-24T21:09:06 SAMT" name="UserServiceTest" finished-at="2022-07-24T21:09:06 SAMT" duration-ms="16">
    <groups>
    </groups>
    <test started-at="2022-07-24T21:09:06 SAMT" name="Command line test" finished-at="2022-07-24T21:09:06 SAMT" duration-ms="16">
    </test> <!-- Command line test -->
  </suite> <!-- UserServiceTest -->
</testng-results>
